<?xml version="1.0" encoding="UTF-8"?>
<!-- Generated by org.testng.reporters.JUnitXMLReporter -->
<testsuite hostname="VishalKumar-Ja" ignored="0" name="Test" tests="3" failures="0" timestamp="30 Jul 2020 18:13:14 GMT" time="0.033" errors="0">
  <testcase name="FlightBooking" time="0.004" classname="com.udemy.selenium.assignments.Code_138_TestNG"/>
  <testcase name="FlightCancel" time="0.001" classname="com.udemy.selenium.assignments.Code_138_TestNG"/>
  <testcase name="OpeningBrowser" time="0.002" classname="com.udemy.selenium.assignments.Code_138_TestNG"/>
</testsuite> <!-- Test -->
