<?xml version="1.0" encoding="UTF-8"?>
<testng-results skipped="0" failed="0" ignored="0" total="3" passed="3">
  <reporter-output>
  </reporter-output>
  <suite name="Default suite" duration-ms="35" started-at="2020-07-31T11:38:04Z" finished-at="2020-07-31T11:38:04Z">
    <groups>
    </groups>
    <test name="Default test" duration-ms="35" started-at="2020-07-31T11:38:04Z" finished-at="2020-07-31T11:38:04Z">
      <class name="com.udemy.selenium.assignments.Code_138_TestNGTest">
        <test-method status="PASS" signature="Cookies()[pri:0, instance:com.udemy.selenium.assignments.Code_138_TestNGTest@679b62af]" name="Cookies" is-config="true" duration-ms="8" started-at="2020-07-31T11:38:04Z" finished-at="2020-07-31T11:38:04Z">
          <reporter-output>
          </reporter-output>
        </test-method> <!-- Cookies -->
        <test-method status="PASS" signature="FlightBooking()[pri:0, instance:com.udemy.selenium.assignments.Code_138_TestNGTest@679b62af]" name="FlightBooking" duration-ms="3" started-at="2020-07-31T11:38:04Z" finished-at="2020-07-31T11:38:04Z">
          <reporter-output>
          </reporter-output>
        </test-method> <!-- FlightBooking -->
        <test-method status="PASS" signature="UseridGeneration()[pri:0, instance:com.udemy.selenium.assignments.Code_138_TestNGTest@679b62af]" name="UseridGeneration" is-config="true" duration-ms="0" started-at="2020-07-31T11:38:04Z" finished-at="2020-07-31T11:38:04Z">
          <reporter-output>
          </reporter-output>
        </test-method> <!-- UseridGeneration -->
        <test-method status="PASS" signature="Reportadding()[pri:0, instance:com.udemy.selenium.assignments.Code_138_TestNGTest@679b62af]" name="Reportadding" is-config="true" duration-ms="0" started-at="2020-07-31T11:38:04Z" finished-at="2020-07-31T11:38:04Z">
          <reporter-output>
          </reporter-output>
        </test-method> <!-- Reportadding -->
        <test-method status="PASS" signature="FlightCancel()[pri:0, instance:com.udemy.selenium.assignments.Code_138_TestNGTest@679b62af]" name="FlightCancel" duration-ms="2" started-at="2020-07-31T11:38:04Z" finished-at="2020-07-31T11:38:04Z">
          <reporter-output>
          </reporter-output>
        </test-method> <!-- FlightCancel -->
        <test-method status="PASS" signature="UseridGeneration()[pri:0, instance:com.udemy.selenium.assignments.Code_138_TestNGTest@679b62af]" name="UseridGeneration" is-config="true" duration-ms="0" started-at="2020-07-31T11:38:04Z" finished-at="2020-07-31T11:38:04Z">
          <reporter-output>
          </reporter-output>
        </test-method> <!-- UseridGeneration -->
        <test-method status="PASS" signature="Reportadding()[pri:0, instance:com.udemy.selenium.assignments.Code_138_TestNGTest@679b62af]" name="Reportadding" is-config="true" duration-ms="0" started-at="2020-07-31T11:38:04Z" finished-at="2020-07-31T11:38:04Z">
          <reporter-output>
          </reporter-output>
        </test-method> <!-- Reportadding -->
        <test-method status="PASS" signature="OpeningBrowser()[pri:0, instance:com.udemy.selenium.assignments.Code_138_TestNGTest@679b62af]" name="OpeningBrowser" duration-ms="1" started-at="2020-07-31T11:38:04Z" finished-at="2020-07-31T11:38:04Z">
          <reporter-output>
          </reporter-output>
        </test-method> <!-- OpeningBrowser -->
        <test-method status="PASS" signature="UseridGeneration()[pri:0, instance:com.udemy.selenium.assignments.Code_138_TestNGTest@679b62af]" name="UseridGeneration" is-config="true" duration-ms="0" started-at="2020-07-31T11:38:04Z" finished-at="2020-07-31T11:38:04Z">
          <reporter-output>
          </reporter-output>
        </test-method> <!-- UseridGeneration -->
        <test-method status="PASS" signature="Reportadding()[pri:0, instance:com.udemy.selenium.assignments.Code_138_TestNGTest@679b62af]" name="Reportadding" is-config="true" duration-ms="0" started-at="2020-07-31T11:38:04Z" finished-at="2020-07-31T11:38:04Z">
          <reporter-output>
          </reporter-output>
        </test-method> <!-- Reportadding -->
        <test-method status="PASS" signature="Cookiesclose()[pri:0, instance:com.udemy.selenium.assignments.Code_138_TestNGTest@679b62af]" name="Cookiesclose" is-config="true" duration-ms="0" started-at="2020-07-31T11:38:04Z" finished-at="2020-07-31T11:38:04Z">
          <reporter-output>
          </reporter-output>
        </test-method> <!-- Cookiesclose -->
      </class> <!-- com.udemy.selenium.assignments.Code_138_TestNGTest -->
    </test> <!-- Default test -->
  </suite> <!-- Default suite -->
</testng-results>
