<?xml version="1.0" encoding="UTF-8"?>
<!-- Generated by org.testng.reporters.JUnitXMLReporter -->
<testsuite hostname="VishalKumar-Ja" ignored="0" name="Default test" tests="3" failures="0" timestamp="31 Jul 2020 11:38:04 GMT" time="0.035" errors="0">
  <testcase name="FlightBooking" time="0.003" classname="com.udemy.selenium.assignments.Code_138_TestNGTest"/>
  <testcase name="FlightCancel" time="0.002" classname="com.udemy.selenium.assignments.Code_138_TestNGTest"/>
  <testcase name="OpeningBrowser" time="0.001" classname="com.udemy.selenium.assignments.Code_138_TestNGTest"/>
</testsuite> <!-- Default test -->
